2022-07-05 00:37:38 [httpLog] {"method":"GET","url":"/user","data":{},"startTime":"2022-07-05 00:37:38","endTime":"2022-07-05 00:37:38","timeLength":14}
2022-07-05 00:37:56 [httpLog] {"method":"GET","url":"/user","data":{},"startTime":"2022-07-05 00:37:56","endTime":"2022-07-05 00:37:56","timeLength":5}
2022-07-05 00:39:10 [httpLog] {"method":"GET","url":"/user/demo2/123","data":{},"startTime":"2022-07-05 00:39:10","endTime":"2022-07-05 00:39:10","timeLength":1}
2022-07-05 00:39:19 [httpLog] {"method":"GET","url":"/user/demo","data":{},"startTime":"2022-07-05 00:39:19","endTime":"2022-07-05 00:39:19","timeLength":1}
2022-07-05 00:39:23 [httpLog] {"method":"GET","url":"/user","data":{},"startTime":"2022-07-05 00:39:23","endTime":"2022-07-05 00:39:23","timeLength":12}
2022-07-05 00:40:14 [httpLog] {"method":"POST","url":"/user/logout","data":{},"startTime":"2022-07-05 00:40:14","endTime":"2022-07-05 00:40:14","timeLength":1}
2022-07-05 00:40:14 [httpLog] {"method":"GET","url":"/user","data":{},"startTime":"2022-07-05 00:40:14","endTime":"2022-07-05 00:40:14","timeLength":3}
2022-07-05 00:40:21 [httpLog] {"method":"POST","url":"/user/logout","data":{},"startTime":"2022-07-05 00:40:21","endTime":"2022-07-05 00:40:21","timeLength":0}
2022-07-05 00:40:21 [httpLog] {"method":"GET","url":"/user","data":{},"startTime":"2022-07-05 00:40:21","endTime":"2022-07-05 00:40:21","timeLength":3}
2022-07-05 00:40:25 [httpLog] {"method":"POST","url":"/user/login","data":{"name":"admin","pwd":"admin"},"startTime":"2022-07-05 00:40:25","endTime":"2022-07-05 00:40:25","timeLength":0}
2022-07-05 00:40:25 [httpLog] {"method":"GET","url":"/user","data":{},"startTime":"2022-07-05 00:40:25","endTime":"2022-07-05 00:40:25","timeLength":4}
2022-07-05 00:59:52 [httpLog] {"method":"GET","url":"/user","data":{},"startTime":"2022-07-05 00:59:52","endTime":"2022-07-05 00:59:52","timeLength":14}
2022-07-05 01:00:35 [httpLog] {"method":"GET","url":"/user","data":{},"startTime":"2022-07-05 01:00:35","endTime":"2022-07-05 01:00:35","timeLength":14}
2022-07-05 01:00:55 [httpLog] {"method":"GET","url":"/user","data":{},"startTime":"2022-07-05 01:00:55","endTime":"2022-07-05 01:00:55","timeLength":7}
2022-07-05 01:01:19 [httpLog] {"method":"GET","url":"/user","data":{},"startTime":"2022-07-05 01:01:19","endTime":"2022-07-05 01:01:19","timeLength":4}
2022-07-05 01:01:30 [httpLog] {"method":"GET","url":"/user","data":{},"startTime":"2022-07-05 01:01:30","endTime":"2022-07-05 01:01:30","timeLength":3}
2022-07-05 01:03:07 [httpLog] {"method":"GET","url":"/user","data":{},"startTime":"2022-07-05 01:03:07","endTime":"2022-07-05 01:03:07","timeLength":10}
2022-07-05 01:08:40 [httpLog] {"method":"GET","url":"/user","data":{},"startTime":"2022-07-05 01:08:40","endTime":"2022-07-05 01:08:40","timeLength":7}
2022-07-07 20:05:24 [httpLog] {"method":"GET","url":"/","data":{},"startTime":"2022-07-07 20:05:24","endTime":"2022-07-07 20:05:24","timeLength":18}
2022-07-07 22:16:02 [httpLog] {"method":"GET","url":"/","data":{},"startTime":"2022-07-07 22:16:02","endTime":"2022-07-07 22:16:02","timeLength":19}
2022-07-07 22:29:52 [httpLog] {"method":"GET","url":"/","data":{},"startTime":"2022-07-07 22:29:52","endTime":"2022-07-07 22:29:52","timeLength":23}
2022-07-08 00:22:30 [httpLog] {"method":"GET","url":"/","data":{},"startTime":"2022-07-08 00:22:30","endTime":"2022-07-08 00:22:30","timeLength":120}
2022-07-08 00:22:35 [httpLog] {"method":"GET","url":"/user/list","data":{},"startTime":"2022-07-08 00:22:35","endTime":"2022-07-08 00:22:35","timeLength":3}
2022-07-08 00:22:59 [httpLog] {"method":"GET","url":"/user/lists","data":{},"startTime":"2022-07-08 00:22:59","endTime":"2022-07-08 00:22:59","timeLength":2004}
2022-07-08 00:23:01 [httpLog] {"method":"GET","url":"/user/lists","data":{},"startTime":"2022-07-08 00:23:01","endTime":"2022-07-08 00:23:01","timeLength":2004}
2022-07-08 00:53:06 [httpLog] {"method":"GET","url":"/user/lists","data":{},"startTime":"2022-07-08 00:53:06","endTime":"2022-07-08 00:53:06","timeLength":62}
2022-07-08 00:53:06 [httpLog] {"method":"GET","url":"/user/lists","data":{},"startTime":"2022-07-08 00:53:06","endTime":"2022-07-08 00:53:06","timeLength":10}
2022-07-08 00:53:07 [httpLog] {"method":"GET","url":"/user/lists","data":{},"startTime":"2022-07-08 00:53:07","endTime":"2022-07-08 00:53:07","timeLength":7}
2022-07-08 00:53:07 [httpLog] {"method":"GET","url":"/user/lists","data":{},"startTime":"2022-07-08 00:53:07","endTime":"2022-07-08 00:53:07","timeLength":8}
2022-07-08 00:53:07 [httpLog] {"method":"GET","url":"/user/lists","data":{},"startTime":"2022-07-08 00:53:07","endTime":"2022-07-08 00:53:07","timeLength":11}
2022-07-08 00:53:10 [httpLog] {"method":"GET","url":"/user/lists","data":{},"startTime":"2022-07-08 00:53:10","endTime":"2022-07-08 00:53:10","timeLength":6}
2022-07-08 00:56:13 [httpLog] {"method":"GET","url":"/user/lists","data":{},"startTime":"2022-07-08 00:56:13","endTime":"2022-07-08 00:56:13","timeLength":77}
2022-07-08 00:56:42 [httpLog] {"method":"GET","url":"/user/lists","data":{},"startTime":"2022-07-08 00:56:42","endTime":"2022-07-08 00:56:42","timeLength":16}
2022-07-08 00:56:44 [httpLog] {"method":"GET","url":"/user/lists","data":{},"startTime":"2022-07-08 00:56:44","endTime":"2022-07-08 00:56:44","timeLength":4}
2022-07-08 01:04:39 [httpLog] {"method":"GET","url":"/user/list","data":{},"startTime":"2022-07-08 01:04:39","endTime":"2022-07-08 01:04:39","timeLength":1}
2022-07-08 01:04:45 [httpLog] {"method":"GET","url":"/user/lists","data":{},"startTime":"2022-07-08 01:04:45","endTime":"2022-07-08 01:04:45","timeLength":7}
2022-07-08 01:06:39 [httpLog] {"method":"GET","url":"/user/lists","data":{},"startTime":"2022-07-08 01:06:39","endTime":"2022-07-08 01:06:39","timeLength":2}
2022-07-08 01:06:55 [httpLog] {"method":"GET","url":"/user/lists","data":{},"startTime":"2022-07-08 01:06:55","endTime":"2022-07-08 01:06:55","timeLength":5}
2022-07-08 01:06:56 [httpLog] {"method":"GET","url":"/user/lists","data":{},"startTime":"2022-07-08 01:06:56","endTime":"2022-07-08 01:06:56","timeLength":7}
2022-07-08 01:12:43 [httpLog] {"method":"GET","url":"/user/demo2/pempeo","data":{},"startTime":"2022-07-08 01:12:43","endTime":"2022-07-08 01:12:43","timeLength":14}
2022-07-08 01:13:13 [httpLog] {"method":"GET","url":"/user/demo2/pempeo","data":{},"startTime":"2022-07-08 01:13:13","endTime":"2022-07-08 01:13:13","timeLength":5}
2022-07-08 01:13:14 [httpLog] {"method":"GET","url":"/user/demo2/pempeo","data":{},"startTime":"2022-07-08 01:13:14","endTime":"2022-07-08 01:13:14","timeLength":5}
2022-07-08 01:16:14 [httpLog] {"method":"GET","url":"/user/demo2/pempeo","data":{},"startTime":"2022-07-08 01:16:14","endTime":"2022-07-08 01:16:14","timeLength":4}
2022-07-08 01:16:14 [httpLog] {"method":"GET","url":"/user/demo2/pempeo","data":{},"startTime":"2022-07-08 01:16:14","endTime":"2022-07-08 01:16:14","timeLength":1}
2022-07-08 01:16:15 [httpLog] {"method":"GET","url":"/user/demo2/pempeo","data":{},"startTime":"2022-07-08 01:16:15","endTime":"2022-07-08 01:16:15","timeLength":1}
2022-07-08 01:16:18 [httpLog] {"method":"GET","url":"/user/demo2/pempeo","data":{},"startTime":"2022-07-08 01:16:18","endTime":"2022-07-08 01:16:18","timeLength":1}
2022-07-08 01:16:18 [httpLog] {"method":"GET","url":"/user/demo2/pempeo","data":{},"startTime":"2022-07-08 01:16:18","endTime":"2022-07-08 01:16:18","timeLength":2}
2022-07-08 01:16:19 [httpLog] {"method":"GET","url":"/user/demo2/pempeo","data":{},"startTime":"2022-07-08 01:16:19","endTime":"2022-07-08 01:16:19","timeLength":1}
2022-07-08 01:16:19 [httpLog] {"method":"GET","url":"/user/demo2/pempeo","data":{},"startTime":"2022-07-08 01:16:19","endTime":"2022-07-08 01:16:19","timeLength":1}
2022-07-08 01:16:19 [httpLog] {"method":"GET","url":"/user/demo2/pempeo","data":{},"startTime":"2022-07-08 01:16:19","endTime":"2022-07-08 01:16:19","timeLength":0}
2022-07-08 01:16:19 [httpLog] {"method":"GET","url":"/user/demo2/pempeo","data":{},"startTime":"2022-07-08 01:16:19","endTime":"2022-07-08 01:16:19","timeLength":1}
2022-07-08 01:16:19 [httpLog] {"method":"GET","url":"/user/demo2/pempeo","data":{},"startTime":"2022-07-08 01:16:19","endTime":"2022-07-08 01:16:19","timeLength":1}
2022-07-08 01:16:20 [httpLog] {"method":"GET","url":"/user/demo2/pempeo","data":{},"startTime":"2022-07-08 01:16:20","endTime":"2022-07-08 01:16:20","timeLength":1}
2022-07-08 01:16:20 [httpLog] {"method":"GET","url":"/user/demo2/pempeo","data":{},"startTime":"2022-07-08 01:16:20","endTime":"2022-07-08 01:16:20","timeLength":0}
2022-07-08 01:16:20 [httpLog] {"method":"GET","url":"/user/demo2/pempeo","data":{},"startTime":"2022-07-08 01:16:20","endTime":"2022-07-08 01:16:20","timeLength":0}
2022-07-08 01:16:20 [httpLog] {"method":"GET","url":"/user/demo2/pempeo","data":{},"startTime":"2022-07-08 01:16:20","endTime":"2022-07-08 01:16:20","timeLength":1}
2022-07-08 01:16:20 [httpLog] {"method":"GET","url":"/user/demo2/pempeo","data":{},"startTime":"2022-07-08 01:16:20","endTime":"2022-07-08 01:16:20","timeLength":1}
2022-07-08 01:16:20 [httpLog] {"method":"GET","url":"/user/demo2/pempeo","data":{},"startTime":"2022-07-08 01:16:20","endTime":"2022-07-08 01:16:20","timeLength":0}
2022-07-08 01:16:20 [httpLog] {"method":"GET","url":"/user/demo2/pempeo","data":{},"startTime":"2022-07-08 01:16:20","endTime":"2022-07-08 01:16:20","timeLength":0}
2022-07-08 01:16:21 [httpLog] {"method":"GET","url":"/user/demo2/pempeo","data":{},"startTime":"2022-07-08 01:16:21","endTime":"2022-07-08 01:16:21","timeLength":0}
2022-07-08 01:16:21 [httpLog] {"method":"GET","url":"/user/demo2/pempeo","data":{},"startTime":"2022-07-08 01:16:21","endTime":"2022-07-08 01:16:21","timeLength":1}
2022-07-08 01:16:21 [httpLog] {"method":"GET","url":"/user/demo2/pempeo","data":{},"startTime":"2022-07-08 01:16:21","endTime":"2022-07-08 01:16:21","timeLength":1}
2022-07-08 01:16:21 [httpLog] {"method":"GET","url":"/user/demo2/pempeo","data":{},"startTime":"2022-07-08 01:16:21","endTime":"2022-07-08 01:16:21","timeLength":1}
2022-07-08 01:16:21 [httpLog] {"method":"GET","url":"/user/demo2/pempeo","data":{},"startTime":"2022-07-08 01:16:21","endTime":"2022-07-08 01:16:21","timeLength":1}
2022-07-08 01:16:21 [httpLog] {"method":"GET","url":"/user/demo2/pempeo","data":{},"startTime":"2022-07-08 01:16:21","endTime":"2022-07-08 01:16:21","timeLength":0}
2022-07-08 01:16:21 [httpLog] {"method":"GET","url":"/user/demo2/pempeo","data":{},"startTime":"2022-07-08 01:16:21","endTime":"2022-07-08 01:16:21","timeLength":1}
2022-07-08 01:16:21 [httpLog] {"method":"GET","url":"/user/demo2/pempeo","data":{},"startTime":"2022-07-08 01:16:21","endTime":"2022-07-08 01:16:21","timeLength":0}
2022-07-08 01:16:21 [httpLog] {"method":"GET","url":"/user/demo2/pempeo","data":{},"startTime":"2022-07-08 01:16:21","endTime":"2022-07-08 01:16:21","timeLength":1}
2022-07-08 01:16:21 [httpLog] {"method":"GET","url":"/user/demo2/pempeo","data":{},"startTime":"2022-07-08 01:16:21","endTime":"2022-07-08 01:16:21","timeLength":1}
2022-07-08 01:16:21 [httpLog] {"method":"GET","url":"/user/demo2/pempeo","data":{},"startTime":"2022-07-08 01:16:21","endTime":"2022-07-08 01:16:21","timeLength":0}
2022-07-08 01:16:22 [httpLog] {"method":"GET","url":"/user/demo2/pempeo","data":{},"startTime":"2022-07-08 01:16:22","endTime":"2022-07-08 01:16:22","timeLength":1}
2022-07-08 01:16:22 [httpLog] {"method":"GET","url":"/user/demo2/pempeo","data":{},"startTime":"2022-07-08 01:16:22","endTime":"2022-07-08 01:16:22","timeLength":1}
2022-07-08 01:16:22 [httpLog] {"method":"GET","url":"/user/demo2/pempeo","data":{},"startTime":"2022-07-08 01:16:22","endTime":"2022-07-08 01:16:22","timeLength":1}
2022-07-08 01:16:27 [httpLog] {"method":"GET","url":"/user/demo2/pempeo","data":{},"startTime":"2022-07-08 01:16:27","endTime":"2022-07-08 01:16:27","timeLength":0}
2022-07-08 01:16:57 [httpLog] {"method":"GET","url":"/user/demo2/pempeo","data":{},"startTime":"2022-07-08 01:16:57","endTime":"2022-07-08 01:16:57","timeLength":2}
2022-07-08 01:17:12 [httpLog] {"method":"GET","url":"/user/demo2/pempeo","data":{},"startTime":"2022-07-08 01:17:12","endTime":"2022-07-08 01:17:12","timeLength":1}
2022-07-08 01:17:13 [httpLog] {"method":"GET","url":"/user/demo2/pempeo","data":{},"startTime":"2022-07-08 01:17:13","endTime":"2022-07-08 01:17:13","timeLength":1}
2022-07-08 01:18:35 [httpLog] {"method":"GET","url":"/user/demo2?name=jack","data":{},"startTime":"2022-07-08 01:18:35","endTime":"2022-07-08 01:18:35","timeLength":0}
2022-07-08 01:19:07 [httpLog] {"method":"GET","url":"/user/demo2/name=jack","data":{},"startTime":"2022-07-08 01:19:07","endTime":"2022-07-08 01:19:07","timeLength":2}
2022-07-08 01:19:10 [httpLog] {"method":"GET","url":"/user/demo2","data":{},"startTime":"2022-07-08 01:19:10","endTime":"2022-07-08 01:19:10","timeLength":0}
2022-07-08 01:19:12 [httpLog] {"method":"GET","url":"/user/demo2","data":{},"startTime":"2022-07-08 01:19:12","endTime":"2022-07-08 01:19:12","timeLength":0}
2022-07-08 01:19:47 [httpLog] {"method":"GET","url":"/user/demo2/jack","data":{},"startTime":"2022-07-08 01:19:47","endTime":"2022-07-08 01:19:47","timeLength":1}
2022-07-08 01:20:23 [httpLog] {"method":"GET","url":"/user/demo2/1","data":{},"startTime":"2022-07-08 01:20:23","endTime":"2022-07-08 01:20:23","timeLength":5}
2022-07-08 01:20:27 [httpLog] {"method":"GET","url":"/user/demo2/12","data":{},"startTime":"2022-07-08 01:20:27","endTime":"2022-07-08 01:20:27","timeLength":3}
2022-07-08 01:21:17 [httpLog] {"method":"GET","url":"/user/demo2/1","data":{},"startTime":"2022-07-08 01:21:17","endTime":"2022-07-08 01:21:17","timeLength":1}
2022-07-08 01:21:43 [httpLog] {"method":"GET","url":"/user/demo2/213","data":{},"startTime":"2022-07-08 01:21:43","endTime":"2022-07-08 01:21:43","timeLength":5}
2022-07-08 01:21:47 [httpLog] {"method":"GET","url":"/user/demo2/333","data":{},"startTime":"2022-07-08 01:21:47","endTime":"2022-07-08 01:21:47","timeLength":4}
2022-07-08 01:23:25 [httpLog] {"method":"GET","url":"/user/demo2/1","data":{},"startTime":"2022-07-08 01:23:25","endTime":"2022-07-08 01:23:25","timeLength":5}
2022-07-08 01:23:28 [httpLog] {"method":"GET","url":"/user/demo","data":{},"startTime":"2022-07-08 01:23:28","endTime":"2022-07-08 01:23:28","timeLength":2}
2022-07-08 01:23:35 [httpLog] {"method":"GET","url":"/user/demo","data":{},"startTime":"2022-07-08 01:23:35","endTime":"2022-07-08 01:23:35","timeLength":1}
2022-07-08 01:23:40 [httpLog] {"method":"GET","url":"/user","data":{},"startTime":"2022-07-08 01:23:40","endTime":"2022-07-08 01:23:40","timeLength":16}
2022-07-08 01:23:49 [httpLog] {"method":"GET","url":"/user/demo","data":{},"startTime":"2022-07-08 01:23:49","endTime":"2022-07-08 01:23:49","timeLength":1}
2022-07-08 01:24:05 [httpLog] {"method":"POST","url":"/user/login","data":{"name":"admin","pwd":"admin"},"startTime":"2022-07-08 01:24:05","endTime":"2022-07-08 01:24:05","timeLength":2}
2022-07-08 01:24:05 [httpLog] {"method":"GET","url":"/user","data":{},"startTime":"2022-07-08 01:24:05","endTime":"2022-07-08 01:24:05","timeLength":7}
2022-07-08 01:27:06 [httpLog] {"method":"GET","url":"/user/1","data":{},"startTime":"2022-07-08 01:27:06","endTime":"2022-07-08 01:27:06","timeLength":1}
2022-07-08 01:27:15 [httpLog] {"method":"GET","url":"/user/demo2/pempeo","data":{},"startTime":"2022-07-08 01:27:15","endTime":"2022-07-08 01:27:15","timeLength":8}
2022-07-08 01:27:25 [httpLog] {"method":"GET","url":"/user/demo2/1","data":{},"startTime":"2022-07-08 01:27:25","endTime":"2022-07-08 01:27:25","timeLength":1}
2022-07-08 01:27:27 [httpLog] {"method":"GET","url":"/user/demo2/pempeo","data":{},"startTime":"2022-07-08 01:27:27","endTime":"2022-07-08 01:27:27","timeLength":1}
2022-07-08 01:27:32 [httpLog] {"method":"GET","url":"/user/","data":{},"startTime":"2022-07-08 01:27:32","endTime":"2022-07-08 01:27:32","timeLength":8}
2022-07-08 01:27:32 [httpLog] {"method":"GET","url":"/user/public/css/user.css","data":{},"startTime":"2022-07-08 01:27:32","endTime":"2022-07-08 01:27:32","timeLength":1}
2022-07-08 01:27:32 [httpLog] {"method":"GET","url":"/user/public/js/user.js","data":{},"startTime":"2022-07-08 01:27:32","endTime":"2022-07-08 01:27:32","timeLength":0}
2022-07-08 01:27:32 [httpLog] {"method":"GET","url":"/user/public/img/user.png","data":{},"startTime":"2022-07-08 01:27:32","endTime":"2022-07-08 01:27:32","timeLength":0}
2022-07-08 01:27:34 [httpLog] {"method":"GET","url":"/user/demo2/pempeo","data":{},"startTime":"2022-07-08 01:27:34","endTime":"2022-07-08 01:27:34","timeLength":2}
2022-07-08 01:27:54 [httpLog] {"method":"GET","url":"/user/demo2/jack","data":{},"startTime":"2022-07-08 01:27:54","endTime":"2022-07-08 01:27:54","timeLength":1}
2022-07-08 01:28:42 [httpLog] {"method":"GET","url":"/user/demo2/pempeo","data":{},"startTime":"2022-07-08 01:28:42","endTime":"2022-07-08 01:28:42","timeLength":1}
2022-07-08 01:29:16 [httpLog] {"method":"GET","url":"/user/demo2/1","data":{},"startTime":"2022-07-08 01:29:16","endTime":"2022-07-08 01:29:16","timeLength":6}
2022-07-08 01:29:46 [httpLog] {"method":"GET","url":"/user/demo2/3","data":{},"startTime":"2022-07-08 01:29:46","endTime":"2022-07-08 01:29:46","timeLength":2}
2022-07-08 01:31:36 [httpLog] {"method":"GET","url":"/user/1","data":{},"startTime":"2022-07-08 01:31:36","endTime":"2022-07-08 01:31:36","timeLength":2}
2022-07-08 01:31:41 [httpLog] {"method":"GET","url":"/user/demo2/1","data":{},"startTime":"2022-07-08 01:31:41","endTime":"2022-07-08 01:31:41","timeLength":8}
2022-07-08 01:33:00 [httpLog] {"method":"GET","url":"/user/1","data":{},"startTime":"2022-07-08 01:33:00","endTime":"2022-07-08 01:33:00","timeLength":1}
2022-07-08 01:33:05 [httpLog] {"method":"GET","url":"/user/demo2/1","data":{},"startTime":"2022-07-08 01:33:05","endTime":"2022-07-08 01:33:05","timeLength":14}
2022-07-08 01:45:09 [httpLog] {"method":"POST","url":"/user/add","data":{"name":"papa","age":90},"startTime":"2022-07-08 01:45:09","endTime":"2022-07-08 01:45:09","timeLength":22}
2022-07-08 01:45:48 [httpLog] {"method":"POST","url":"/user/add","data":{"name":"dada","age":36},"startTime":"2022-07-08 01:45:48","endTime":"2022-07-08 01:45:48","timeLength":8}
2022-07-08 01:46:22 [httpLog] {"method":"GET","url":"/user/demo2/1","data":{},"startTime":"2022-07-08 01:46:22","endTime":"2022-07-08 01:46:22","timeLength":9}
2022-07-08 01:46:25 [httpLog] {"method":"GET","url":"/user/demo2/4","data":{},"startTime":"2022-07-08 01:46:25","endTime":"2022-07-08 01:46:25","timeLength":3}
2022-07-08 01:52:15 [httpLog] {"method":"POST","url":"/user/edit","data":{"id":4,"name":"dada","age":102},"startTime":"2022-07-08 01:52:15","endTime":"2022-07-08 01:52:15","timeLength":26}
2022-07-08 01:52:18 [httpLog] {"method":"POST","url":"/user/edit","data":{"id":4,"age":102},"startTime":"2022-07-08 01:52:18","endTime":"2022-07-08 01:52:18","timeLength":4}
2022-07-08 01:52:26 [httpLog] {"method":"POST","url":"/user/edit","data":{"id":4,"name":"dada","age":102},"startTime":"2022-07-08 01:52:26","endTime":"2022-07-08 01:52:26","timeLength":3}
2022-07-08 01:52:34 [httpLog] {"method":"POST","url":"/user/edit","data":{"id":4,"name":"yeye","age":104},"startTime":"2022-07-08 01:52:34","endTime":"2022-07-08 01:52:34","timeLength":9}
2022-07-08 10:26:37 [httpLog] {"method":"DELETE","url":"/user/del","data":{"id":5},"startTime":"2022-07-08 10:26:37","endTime":"2022-07-08 10:26:37","timeLength":1}
2022-07-08 10:26:59 [httpLog] {"method":"DELETE","url":"/user/delete","data":{"id":5},"startTime":"2022-07-08 10:26:59","endTime":"2022-07-08 10:26:59","timeLength":15}
